<?xml version="1.0" encoding="UTF-8"?>
<!-- Generated by org.testng.reporters.JUnitReportReporter -->
<testsuite hostname="DESKTOP-3RPASB7" failures="0" tests="1" name="TestPkage.HomePageValidation" time="6.975" errors="0" timestamp="2021-12-30T18:49:45 IST" skipped="0">
  <testcase classname="TestPkage.HomePageValidation" name="validateHomePage" time="6.975"/>
  <system-out/>
</testsuite> <!-- TestPkage.HomePageValidation -->
