<?xml version="1.0" encoding="UTF-8"?>
<!-- Generated by org.testng.reporters.JUnitReportReporter -->
<testsuite hostname="DESKTOP-3RPASB7" failures="0" tests="1" name="TestPkage.ValidateLogin" time="6.700" errors="0" timestamp="2022-01-04T20:03:51 IST" skipped="0">
  <testcase classname="TestPkage.ValidateLogin" name="validLogintest" time="6.700"/>
  <system-out/>
</testsuite> <!-- TestPkage.ValidateLogin -->
