<?xml version="1.0" encoding="UTF-8"?>
<!-- Generated by org.testng.reporters.JUnitReportReporter -->
<testsuite hostname="DESKTOP-3RPASB7" failures="0" tests="1" name="TestPkage.ValidateLogin" time="6.155" errors="0" timestamp="2022-01-03T11:05:52 IST" skipped="0">
  <testcase classname="TestPkage.ValidateLogin" name="validLogintest" time="6.155"/>
  <system-out/>
</testsuite> <!-- TestPkage.ValidateLogin -->
